Simulate solar eclipses during year 2025 and 2075
Initial time: 2025-01-01 00:00:00.000
Start coarse simulation...
Coarse simulation time: 110.99819755554199
Start detecting sun eclipses...
Sun eclipse calculation time: 0.24449491500854492
Start detecting moon eclipses...
Moon eclipse calculation time: 0.17792940139770508
Simulation ended. Print results:
============================================================
Times of sun eclipses:
------------------------------------------------------------
Start time: 2025-03-29 08:51:36.000
Type: partial
Max time: 2025-03-29 10:48:00.000
End time 2025-03-29 12:44:24.000
------------------------------------------------------------
Start time: 2025-09-21 17:30:36.000
Type: partial
Max time: 2025-09-21 19:42:36.000
End time 2025-09-21 21:54:36.000
------------------------------------------------------------
Start time: 2026-02-17 11:00:00.000
Type: annular
Max time: 2026-02-17 12:00:00.000
End time 2026-02-17 13:00:00.000
------------------------------------------------------------
Start time: 2026-02-17 09:57:00.000
Type: partial
Max time: 2026-02-17 12:12:36.000
End time 2026-02-17 14:28:12.000
------------------------------------------------------------
Start time: 2026-08-12 16:00:00.000
Type: total
Max time: 2026-08-12 17:30:00.000
End time 2026-08-12 19:00:00.000
------------------------------------------------------------
Start time: 2026-08-12 15:35:24.000
Type: partial
Max time: 2026-08-12 17:46:48.000
End time 2026-08-12 19:58:12.000
------------------------------------------------------------
Start time: 2027-02-06 14:00:00.000
Type: annular
Max time: 2027-02-06 16:00:00.000
End time 2027-02-06 18:00:00.000
------------------------------------------------------------
Start time: 2027-02-06 12:58:48.000
Type: partial
Max time: 2027-02-06 16:00:36.000
End time 2027-02-06 19:02:24.000
------------------------------------------------------------
Start time: 2027-08-02 08:00:00.000
Type: total
Max time: 2027-08-02 10:00:00.000
End time 2027-08-02 12:00:00.000
------------------------------------------------------------
Start time: 2027-08-02 07:31:12.000
Type: partial
Max time: 2027-08-02 10:07:30.000
End time 2027-08-02 12:43:48.000
------------------------------------------------------------
Start time: 2028-01-26 13:00:00.000
Type: annular
Max time: 2028-01-26 15:00:00.000
End time 2028-01-26 17:00:00.000
------------------------------------------------------------
Start time: 2028-01-26 12:08:24.000
Type: partial
Max time: 2028-01-26 15:09:18.000
End time 2028-01-26 18:10:12.000
------------------------------------------------------------
Start time: 2028-07-22 01:00:00.000
Type: total
Max time: 2028-07-22 03:00:00.000
End time 2028-07-22 05:00:00.000
------------------------------------------------------------
Start time: 2028-07-22 00:28:48.000
Type: partial
Max time: 2028-07-22 02:56:42.000
End time 2028-07-22 05:24:36.000
------------------------------------------------------------
Start time: 2029-01-14 15:03:36.000
Type: partial
Max time: 2029-01-14 17:14:06.000
End time 2029-01-14 19:24:36.000
------------------------------------------------------------
Start time: 2029-06-12 02:28:12.000
Type: partial
Max time: 2029-06-12 04:06:36.000
End time 2029-06-12 05:45:00.000
------------------------------------------------------------
Start time: 2029-07-11 14:28:12.000
Type: partial
Max time: 2029-07-11 15:37:30.000
End time 2029-07-11 16:46:48.000
------------------------------------------------------------
Start time: 2029-12-05 13:08:24.000
Type: partial
Max time: 2029-12-05 15:04:12.000
End time 2029-12-05 17:00:00.000
------------------------------------------------------------
Start time: 2030-06-01 04:00:00.000
Type: annular
Max time: 2030-06-01 06:30:00.000
End time 2030-06-01 09:00:00.000
------------------------------------------------------------
Start time: 2030-06-01 03:37:12.000
Type: partial
Max time: 2030-06-01 06:30:00.000
End time 2030-06-01 09:22:48.000
------------------------------------------------------------
Start time: 2030-11-25 05:00:00.000
Type: total
Max time: 2030-11-25 07:00:00.000
End time 2030-11-25 09:00:00.000
------------------------------------------------------------
Start time: 2030-11-25 04:18:36.000
Type: partial
Max time: 2030-11-25 06:51:54.000
End time 2030-11-25 09:25:12.000
------------------------------------------------------------
Start time: 2031-05-21 05:00:00.000
Type: annular
Max time: 2031-05-21 07:30:00.000
End time 2031-05-21 10:00:00.000
------------------------------------------------------------
Start time: 2031-05-21 04:16:48.000
Type: partial
Max time: 2031-05-21 07:17:06.000
End time 2031-05-21 10:17:24.000
------------------------------------------------------------
Start time: 2031-11-14 19:00:00.000
Type: annular
Max time: 2031-11-14 21:00:00.000
End time 2031-11-14 23:00:00.000
------------------------------------------------------------
Start time: 2031-11-14 18:25:48.000
Type: partial
Max time: 2031-11-14 21:08:24.000
End time 2031-11-14 23:51:00.000
------------------------------------------------------------
Start time: 2032-05-09 12:00:00.000
Type: annular
Max time: 2032-05-09 13:30:00.000
End time 2032-05-09 15:00:00.000
------------------------------------------------------------
Start time: 2032-05-09 11:12:00.000
Type: partial
Max time: 2032-05-09 13:27:36.000
End time 2032-05-09 15:43:12.000
------------------------------------------------------------
Start time: 2032-11-03 03:24:36.000
Type: partial
Max time: 2032-11-03 05:35:24.000
End time 2032-11-03 07:46:12.000
------------------------------------------------------------
Start time: 2033-03-30 17:00:00.000
Type: total
Max time: 2033-03-30 18:00:00.000
End time 2033-03-30 19:00:00.000
------------------------------------------------------------
Start time: 2033-03-30 16:01:48.000
Type: partial
Max time: 2033-03-30 18:03:18.000
End time 2033-03-30 20:04:48.000
------------------------------------------------------------
Start time: 2033-09-23 11:51:00.000
Type: partial
Max time: 2033-09-23 13:56:24.000
End time 2033-09-23 16:01:48.000
------------------------------------------------------------
Start time: 2034-03-20 08:00:00.000
Type: total
Max time: 2034-03-20 10:28:30.000
End time 2034-03-20 12:57:00.000
------------------------------------------------------------
Start time: 2034-03-20 07:42:36.000
Type: partial
Max time: 2034-03-20 10:19:48.000
End time 2034-03-20 12:57:00.000
------------------------------------------------------------
Start time: 2034-09-12 14:00:00.000
Type: annular
Max time: 2034-09-12 16:30:00.000
End time 2034-09-12 19:00:00.000
------------------------------------------------------------
Start time: 2034-09-12 13:30:00.000
Type: partial
Max time: 2034-09-12 16:21:18.000
End time 2034-09-12 19:12:36.000
------------------------------------------------------------
Start time: 2035-03-09 21:00:00.000
Type: annular
Max time: 2035-03-09 23:00:00.000
End time 2035-03-10 01:00:00.000
------------------------------------------------------------
Start time: 2035-03-09 20:24:00.000
Type: partial
Max time: 2035-03-09 23:07:30.000
End time 2035-03-10 01:51:00.000
------------------------------------------------------------
Start time: 2035-09-02 00:00:00.000
Type: total
Max time: 2035-09-02 02:00:00.000
End time 2035-09-02 04:00:00.000
------------------------------------------------------------
Start time: 2035-09-01 23:18:36.000
Type: partial
Max time: 2035-09-02 01:58:30.000
End time 2035-09-02 04:38:24.000
------------------------------------------------------------
Start time: 2036-02-27 02:50:24.000
Type: partial
Max time: 2036-02-27 04:48:54.000
End time 2036-02-27 06:47:24.000
------------------------------------------------------------
Start time: 2036-07-23 09:36:36.000
Type: partial
Max time: 2036-07-23 10:33:54.000
End time 2036-07-23 11:31:12.000
------------------------------------------------------------
Start time: 2036-08-21 15:36:00.000
Type: partial
Max time: 2036-08-21 17:27:36.000
End time 2036-08-21 19:19:12.000
------------------------------------------------------------
Start time: 2037-01-16 07:45:00.000
Type: partial
Max time: 2037-01-16 09:51:18.000
End time 2037-01-16 11:57:36.000
------------------------------------------------------------
Start time: 2037-07-13 01:00:00.000
Type: total
Max time: 2037-07-13 02:30:00.000
End time 2037-07-13 04:00:00.000
------------------------------------------------------------
Start time: 2037-07-13 00:18:36.000
Type: partial
Max time: 2037-07-13 02:42:36.000
End time 2037-07-13 05:06:36.000
------------------------------------------------------------
Start time: 2038-01-05 12:00:00.000
Type: annular
Max time: 2038-01-05 14:00:00.000
End time 2038-01-05 16:00:00.000
------------------------------------------------------------
Start time: 2038-01-05 11:03:00.000
Type: partial
Max time: 2038-01-05 13:49:48.000
End time 2038-01-05 16:36:36.000
------------------------------------------------------------
Start time: 2038-07-02 11:00:00.000
Type: annular
Max time: 2038-07-02 13:30:00.000
End time 2038-07-02 16:00:00.000
------------------------------------------------------------
Start time: 2038-07-02 10:40:48.000
Type: partial
Max time: 2038-07-02 13:35:42.000
End time 2038-07-02 16:30:36.000
------------------------------------------------------------
Start time: 2038-12-25 23:00:00.000
Type: total
Max time: 2038-12-26 01:00:00.000
End time 2038-12-26 03:00:00.000
------------------------------------------------------------
Start time: 2038-12-25 22:24:00.000
Type: partial
Max time: 2038-12-26 01:03:00.000
End time 2038-12-26 03:42:00.000
------------------------------------------------------------
Start time: 2039-06-21 16:00:00.000
Type: annular
Max time: 2039-06-21 17:30:00.000
End time 2039-06-21 19:00:00.000
------------------------------------------------------------
Start time: 2039-06-21 14:39:36.000
Type: partial
Max time: 2039-06-21 17:15:54.000
End time 2039-06-21 19:52:12.000
------------------------------------------------------------
Start time: 2039-12-15 15:00:00.000
Type: total
Max time: 2039-12-15 16:30:00.000
End time 2039-12-15 18:00:00.000
------------------------------------------------------------
Start time: 2039-12-15 14:21:36.000
Type: partial
Max time: 2039-12-15 16:26:24.000
End time 2039-12-15 18:31:12.000
------------------------------------------------------------
Start time: 2040-05-11 01:59:24.000
Type: partial
Max time: 2040-05-11 03:46:12.000
End time 2040-05-11 05:33:00.000
------------------------------------------------------------
Start time: 2040-11-04 17:12:36.000
Type: partial
Max time: 2040-11-04 19:12:00.000
End time 2040-11-04 21:11:24.000
------------------------------------------------------------
Start time: 2041-04-30 10:00:00.000
Type: total
Max time: 2041-04-30 12:00:00.000
End time 2041-04-30 14:00:00.000
------------------------------------------------------------
Start time: 2041-04-30 09:15:36.000
Type: partial
Max time: 2041-04-30 11:55:30.000
End time 2041-04-30 14:35:24.000
------------------------------------------------------------
Start time: 2041-10-24 23:00:00.000
Type: annular
Max time: 2041-10-25 01:30:00.000
End time 2041-10-25 04:00:00.000
------------------------------------------------------------
Start time: 2041-10-24 22:45:00.000
Type: partial
Max time: 2041-10-25 01:39:54.000
End time 2041-10-25 04:34:48.000
------------------------------------------------------------
Start time: 2042-04-20 00:00:00.000
Type: total
Max time: 2042-04-20 02:27:54.000
End time 2042-04-20 04:55:48.000
------------------------------------------------------------
Start time: 2042-04-19 23:45:00.000
Type: partial
Max time: 2042-04-20 02:20:24.000
End time 2042-04-20 04:55:48.000
------------------------------------------------------------
Start time: 2042-10-14 00:00:00.000
Type: annular
Max time: 2042-10-14 02:00:00.000
End time 2042-10-14 04:00:00.000
------------------------------------------------------------
Start time: 2042-10-13 23:01:12.000
Type: partial
Max time: 2042-10-14 02:04:30.000
End time 2042-10-14 05:07:48.000
------------------------------------------------------------
Start time: 2043-04-09 18:00:00.000
Type: total
Max time: 2043-04-09 19:00:00.000
End time 2043-04-09 20:00:00.000
------------------------------------------------------------
Start time: 2043-04-09 17:01:12.000
Type: partial
Max time: 2043-04-09 19:01:12.000
End time 2043-04-09 21:01:12.000
------------------------------------------------------------
Start time: 2043-10-03 00:48:00.000
Type: partial
Max time: 2043-10-03 03:05:42.000
End time 2043-10-03 05:23:24.000
------------------------------------------------------------
Start time: 2044-02-28 18:14:24.000
Type: partial
Max time: 2044-02-28 20:28:12.000
End time 2044-02-28 22:42:00.000
------------------------------------------------------------
Start time: 2044-08-23 00:00:00.000
Type: total
Max time: 2044-08-23 01:00:00.000
End time 2044-08-23 02:00:00.000
------------------------------------------------------------
Start time: 2044-08-22 23:14:24.000
Type: partial
Max time: 2044-08-23 01:20:24.000
End time 2044-08-23 03:26:24.000
------------------------------------------------------------
Start time: 2045-02-16 22:00:00.000
Type: annular
Max time: 2045-02-17 00:00:00.000
End time 2045-02-17 02:00:00.000
------------------------------------------------------------
Start time: 2045-02-16 20:58:48.000
Type: partial
Max time: 2045-02-17 00:00:18.000
End time 2045-02-17 03:01:48.000
------------------------------------------------------------
Start time: 2045-08-12 16:00:00.000
Type: total
Max time: 2045-08-12 18:00:00.000
End time 2045-08-12 20:00:00.000
------------------------------------------------------------
Start time: 2045-08-12 15:10:48.000
Type: partial
Max time: 2045-08-12 17:46:12.000
End time 2045-08-12 20:21:36.000
------------------------------------------------------------
Start time: 2046-02-05 21:00:00.000
Type: annular
Max time: 2046-02-05 23:00:00.000
End time 2046-02-06 01:00:00.000
------------------------------------------------------------
Start time: 2046-02-05 20:09:36.000
Type: partial
Max time: 2046-02-05 23:10:30.000
End time 2046-02-06 02:11:24.000
------------------------------------------------------------
Start time: 2046-08-02 08:00:00.000
Type: total
Max time: 2046-08-02 10:00:00.000
End time 2046-08-02 12:00:00.000
------------------------------------------------------------
Start time: 2046-08-02 07:54:00.000
Type: partial
Max time: 2046-08-02 10:25:12.000
End time 2046-08-02 12:56:24.000
------------------------------------------------------------
Start time: 2047-01-25 23:25:48.000
Type: partial
Max time: 2047-01-26 01:37:30.000
End time 2047-01-26 03:49:12.000
------------------------------------------------------------
Start time: 2047-06-23 09:34:48.000
Type: partial
Max time: 2047-06-23 10:57:00.000
End time 2047-06-23 12:19:12.000
------------------------------------------------------------
Start time: 2047-07-22 21:14:24.000
Type: partial
Max time: 2047-07-22 22:40:30.000
End time 2047-07-23 00:06:36.000
------------------------------------------------------------
Start time: 2047-12-16 21:59:24.000
Type: partial
Max time: 2047-12-16 23:54:18.000
End time 2047-12-17 01:49:12.000
------------------------------------------------------------
Start time: 2048-06-11 11:00:00.000
Type: annular
Max time: 2048-06-11 13:00:00.000
End time 2048-06-11 15:00:00.000
------------------------------------------------------------
Start time: 2048-06-11 10:15:00.000
Type: partial
Max time: 2048-06-11 13:03:36.000
End time 2048-06-11 15:52:12.000
------------------------------------------------------------
Start time: 2048-12-05 14:00:00.000
Type: total
Max time: 2048-12-05 16:00:00.000
End time 2048-12-05 18:00:00.000
------------------------------------------------------------
Start time: 2048-12-05 13:06:36.000
Type: partial
Max time: 2048-12-05 15:39:36.000
End time 2048-12-05 18:12:36.000
------------------------------------------------------------
Start time: 2049-05-31 12:00:00.000
Type: annular
Max time: 2049-05-31 14:00:00.000
End time 2049-05-31 16:00:00.000
------------------------------------------------------------
Start time: 2049-05-31 11:04:12.000
Type: partial
Max time: 2049-05-31 14:04:48.000
End time 2049-05-31 17:05:24.000
------------------------------------------------------------
Start time: 2049-11-25 03:00:00.000
Type: annular
Max time: 2049-11-25 05:30:00.000
End time 2049-11-25 08:00:00.000
------------------------------------------------------------
Start time: 2049-11-25 02:54:36.000
Type: partial
Max time: 2049-11-25 05:38:24.000
End time 2049-11-25 08:22:12.000
------------------------------------------------------------
Start time: 2050-05-20 19:00:00.000
Type: annular
Max time: 2050-05-20 20:30:00.000
End time 2050-05-20 22:00:00.000
------------------------------------------------------------
Start time: 2050-05-20 18:27:00.000
Type: partial
Max time: 2050-05-20 20:47:42.000
End time 2050-05-20 23:08:24.000
------------------------------------------------------------
Start time: 2050-11-14 11:22:12.000
Type: partial
Max time: 2050-11-14 13:36:00.000
End time 2050-11-14 15:49:48.000
------------------------------------------------------------
Start time: 2051-04-11 00:17:24.000
Type: partial
Max time: 2051-04-11 02:15:00.000
End time 2051-04-11 04:12:36.000
------------------------------------------------------------
Start time: 2051-10-04 19:10:12.000
Type: partial
Max time: 2051-10-04 21:08:06.000
End time 2051-10-04 23:06:00.000
------------------------------------------------------------
Start time: 2052-03-30 16:00:00.000
Type: total
Max time: 2052-03-30 18:30:00.000
End time 2052-03-30 21:00:00.000
------------------------------------------------------------
Start time: 2052-03-30 16:00:00.000
Type: partial
Max time: 2052-03-30 18:36:36.000
End time 2052-03-30 21:13:12.000
------------------------------------------------------------
Start time: 2052-09-22 22:00:00.000
Type: annular
Max time: 2052-09-23 00:00:00.000
End time 2052-09-23 02:00:00.000
------------------------------------------------------------
Start time: 2052-09-22 20:55:48.000
Type: partial
Max time: 2052-09-22 23:44:42.000
End time 2052-09-23 02:33:36.000
------------------------------------------------------------
Start time: 2053-03-20 05:00:00.000
Type: annular
Max time: 2053-03-20 07:00:00.000
End time 2053-03-20 09:00:00.000
------------------------------------------------------------
Start time: 2053-03-20 04:28:48.000
Type: partial
Max time: 2053-03-20 07:13:48.000
End time 2053-03-20 09:58:48.000
------------------------------------------------------------
Start time: 2053-09-12 07:00:00.000
Type: total
Max time: 2053-09-12 09:30:00.000
End time 2053-09-12 12:00:00.000
------------------------------------------------------------
Start time: 2053-09-12 06:58:48.000
Type: partial
Max time: 2053-09-12 09:39:36.000
End time 2053-09-12 12:20:24.000
------------------------------------------------------------
Start time: 2054-03-09 10:37:48.000
Type: partial
Max time: 2054-03-09 12:39:54.000
End time 2054-03-09 14:42:00.000
------------------------------------------------------------
Start time: 2054-08-03 17:36:00.000
Type: partial
Max time: 2054-08-03 18:09:18.000
End time 2054-08-03 18:42:36.000
------------------------------------------------------------
Start time: 2054-09-01 23:17:24.000
Type: partial
Max time: 2054-09-02 01:15:00.000
End time 2054-09-02 03:12:36.000
------------------------------------------------------------
Start time: 2055-01-27 15:55:48.000
Type: partial
Max time: 2055-01-27 18:00:36.000
End time 2055-01-27 20:05:24.000
------------------------------------------------------------
Start time: 2055-07-24 08:00:00.000
Type: total
Max time: 2055-07-24 10:00:00.000
End time 2055-07-24 12:00:00.000
------------------------------------------------------------
Start time: 2055-07-24 07:43:48.000
Type: partial
Max time: 2055-07-24 10:03:36.000
End time 2055-07-24 12:23:24.000
------------------------------------------------------------
Start time: 2056-01-16 20:00:00.000
Type: annular
Max time: 2056-01-16 22:30:00.000
End time 2056-01-17 01:00:00.000
------------------------------------------------------------
Start time: 2056-01-16 19:37:12.000
Type: partial
Max time: 2056-01-16 22:23:06.000
End time 2056-01-17 01:09:00.000
------------------------------------------------------------
Start time: 2056-07-12 18:00:00.000
Type: annular
Max time: 2056-07-12 20:30:00.000
End time 2056-07-12 23:00:00.000
------------------------------------------------------------
Start time: 2056-07-12 17:33:00.000
Type: partial
Max time: 2056-07-12 20:28:30.000
End time 2056-07-12 23:24:00.000
------------------------------------------------------------
Start time: 2057-01-05 08:00:00.000
Type: total
Max time: 2057-01-05 10:00:00.000
End time 2057-01-05 12:00:00.000
------------------------------------------------------------
Start time: 2057-01-05 07:15:36.000
Type: partial
Max time: 2057-01-05 09:54:18.000
End time 2057-01-05 12:33:00.000
------------------------------------------------------------
Start time: 2057-07-01 22:00:00.000
Type: annular
Max time: 2057-07-02 00:00:00.000
End time 2057-07-02 02:00:00.000
------------------------------------------------------------
Start time: 2057-07-01 21:04:48.000
Type: partial
Max time: 2057-07-01 23:47:24.000
End time 2057-07-02 02:30:00.000
------------------------------------------------------------
Start time: 2057-12-26 00:00:00.000
Type: total
Max time: 2057-12-26 01:00:00.000
End time 2057-12-26 02:00:00.000
------------------------------------------------------------
Start time: 2057-12-25 23:15:36.000
Type: partial
Max time: 2057-12-26 01:20:42.000
End time 2057-12-26 03:25:48.000
------------------------------------------------------------
Start time: 2058-05-22 09:12:00.000
Type: partial
Max time: 2058-05-22 10:46:30.000
End time 2058-05-22 12:21:00.000
------------------------------------------------------------
Start time: 2058-06-20 23:30:00.000
Type: partial
Max time: 2058-06-21 00:27:00.000
End time 2058-06-21 01:24:00.000
------------------------------------------------------------
Start time: 2058-11-16 01:32:24.000
Type: partial
Max time: 2058-11-16 03:29:42.000
End time 2058-11-16 05:27:00.000
------------------------------------------------------------
Start time: 2059-05-11 17:00:00.000
Type: total
Max time: 2059-05-11 19:30:00.000
End time 2059-05-11 22:00:00.000
------------------------------------------------------------
Start time: 2059-05-11 16:52:12.000
Type: partial
Max time: 2059-05-11 19:29:06.000
End time 2059-05-11 22:06:00.000
------------------------------------------------------------
Start time: 2059-11-05 07:00:00.000
Type: annular
Max time: 2059-11-05 09:30:00.000
End time 2059-11-05 12:00:00.000
------------------------------------------------------------
Start time: 2059-11-05 06:31:12.000
Type: partial
Max time: 2059-11-05 09:25:48.000
End time 2059-11-05 12:20:24.000
------------------------------------------------------------
Start time: 2060-04-30 08:00:00.000
Type: total
Max time: 2060-04-30 10:00:00.000
End time 2060-04-30 12:00:00.000
------------------------------------------------------------
Start time: 2060-04-30 07:40:48.000
Type: partial
Max time: 2060-04-30 10:16:48.000
End time 2060-04-30 12:52:48.000
------------------------------------------------------------
Start time: 2060-10-24 07:00:00.000
Type: annular
Max time: 2060-10-24 09:30:00.000
End time 2060-10-24 12:00:00.000
------------------------------------------------------------
Start time: 2060-10-24 06:27:36.000
Type: partial
Max time: 2060-10-24 09:32:06.000
End time 2060-10-24 12:36:36.000
------------------------------------------------------------
Start time: 2061-04-20 02:00:00.000
Type: total
Max time: 2061-04-20 03:00:00.000
End time 2061-04-20 04:00:00.000
------------------------------------------------------------
Start time: 2061-04-20 00:59:24.000
Type: partial
Max time: 2061-04-20 03:03:36.000
End time 2061-04-20 05:07:48.000
------------------------------------------------------------
Start time: 2061-10-13 10:00:00.000
Type: annular
Max time: 2061-10-13 11:00:00.000
End time 2061-10-13 12:00:00.000
------------------------------------------------------------
Start time: 2061-10-13 08:18:36.000
Type: partial
Max time: 2061-10-13 10:40:12.000
End time 2061-10-13 13:01:48.000
------------------------------------------------------------
Start time: 2062-03-11 02:22:48.000
Type: partial
Max time: 2062-03-11 04:33:54.000
End time 2062-03-11 06:45:00.000
------------------------------------------------------------
Start time: 2062-09-03 07:01:12.000
Type: partial
Max time: 2062-09-03 09:01:30.000
End time 2062-09-03 11:01:48.000
------------------------------------------------------------
Start time: 2063-02-28 06:00:00.000
Type: annular
Max time: 2063-02-28 08:00:00.000
End time 2063-02-28 10:00:00.000
------------------------------------------------------------
Start time: 2063-02-28 04:50:24.000
Type: partial
Max time: 2063-02-28 07:51:36.000
End time 2063-02-28 10:52:48.000
------------------------------------------------------------
Start time: 2063-08-23 23:00:00.000
Type: total
Max time: 2063-08-24 01:30:00.000
End time 2063-08-24 04:00:00.000
------------------------------------------------------------
Start time: 2063-08-23 22:55:12.000
Type: partial
Max time: 2063-08-24 01:29:24.000
End time 2063-08-24 04:03:36.000
------------------------------------------------------------
Start time: 2064-02-17 05:00:00.000
Type: annular
Max time: 2064-02-17 07:00:00.000
End time 2064-02-17 09:00:00.000
------------------------------------------------------------
Start time: 2064-02-17 04:07:48.000
Type: partial
Max time: 2064-02-17 07:08:42.000
End time 2064-02-17 10:09:36.000
------------------------------------------------------------
Start time: 2064-08-12 16:00:00.000
Type: total
Max time: 2064-08-12 18:00:00.000
End time 2064-08-12 20:00:00.000
------------------------------------------------------------
Start time: 2064-08-12 15:19:12.000
Type: partial
Max time: 2064-08-12 17:53:24.000
End time 2064-08-12 20:27:36.000
------------------------------------------------------------
Start time: 2065-02-05 07:48:36.000
Type: partial
Max time: 2065-02-05 10:00:36.000
End time 2065-02-05 12:12:36.000
------------------------------------------------------------
Start time: 2065-07-03 16:42:36.000
Type: partial
Max time: 2065-07-03 17:42:00.000
End time 2065-07-03 18:41:24.000
------------------------------------------------------------
Start time: 2065-08-02 04:03:00.000
Type: partial
Max time: 2065-08-02 05:42:18.000
End time 2065-08-02 07:21:36.000
------------------------------------------------------------
Start time: 2065-12-27 06:53:24.000
Type: partial
Max time: 2065-12-27 08:47:24.000
End time 2065-12-27 10:41:24.000
------------------------------------------------------------
Start time: 2066-06-22 18:00:00.000
Type: annular
Max time: 2066-06-22 19:30:00.000
End time 2066-06-22 21:00:00.000
------------------------------------------------------------
Start time: 2066-06-22 16:51:00.000
Type: partial
Max time: 2066-06-22 19:34:30.000
End time 2066-06-22 22:18:00.000
------------------------------------------------------------
Start time: 2066-12-16 22:00:00.000
Type: total
Max time: 2066-12-17 00:30:00.000
End time 2066-12-17 03:00:00.000
------------------------------------------------------------
Start time: 2066-12-16 21:58:12.000
Type: partial
Max time: 2066-12-17 00:31:12.000
End time 2066-12-17 03:04:12.000
------------------------------------------------------------
Start time: 2067-06-11 18:00:00.000
Type: annular
Max time: 2067-06-11 20:30:00.000
End time 2067-06-11 23:00:00.000
------------------------------------------------------------
Start time: 2067-06-11 17:50:24.000
Type: partial
Max time: 2067-06-11 20:51:00.000
End time 2067-06-11 23:51:36.000
------------------------------------------------------------
Start time: 2067-12-06 12:00:00.000
Type: annular
Max time: 2067-12-06 14:00:00.000
End time 2067-12-06 16:00:00.000
------------------------------------------------------------
Start time: 2067-12-06 11:27:00.000
Type: partial
Max time: 2067-12-06 14:11:42.000
End time 2067-12-06 16:56:24.000
------------------------------------------------------------
Start time: 2068-05-31 02:00:00.000
Type: total
Max time: 2068-05-31 04:00:00.000
End time 2068-05-31 06:00:00.000
------------------------------------------------------------
Start time: 2068-05-31 01:40:12.000
Type: partial
Max time: 2068-05-31 04:05:06.000
End time 2068-05-31 06:30:00.000
------------------------------------------------------------
Start time: 2068-11-24 19:25:12.000
Type: partial
Max time: 2068-11-24 21:41:24.000
End time 2068-11-24 23:57:36.000
------------------------------------------------------------
Start time: 2069-04-21 08:26:24.000
Type: partial
Max time: 2069-04-21 10:19:12.000
End time 2069-04-21 12:12:00.000
------------------------------------------------------------
Start time: 2069-05-20 17:18:36.000
Type: partial
Max time: 2069-05-20 18:01:12.000
End time 2069-05-20 18:43:48.000
------------------------------------------------------------
Start time: 2069-10-15 02:38:24.000
Type: partial
Max time: 2069-10-15 04:29:24.000
End time 2069-10-15 06:20:24.000
------------------------------------------------------------
Start time: 2070-04-11 01:00:00.000
Type: total
Max time: 2070-04-11 03:00:00.000
End time 2070-04-11 05:00:00.000
------------------------------------------------------------
Start time: 2070-04-11 00:09:00.000
Type: partial
Max time: 2070-04-11 02:44:42.000
End time 2070-04-11 05:20:24.000
------------------------------------------------------------
Start time: 2070-10-04 05:00:00.000
Type: annular
Max time: 2070-10-04 07:00:00.000
End time 2070-10-04 09:00:00.000
------------------------------------------------------------
Start time: 2070-10-04 04:31:48.000
Type: partial
Max time: 2070-10-04 07:18:18.000
End time 2070-10-04 10:04:48.000
------------------------------------------------------------
Start time: 2071-03-31 13:00:00.000
Type: annular
Max time: 2071-03-31 15:00:00.000
End time 2071-03-31 17:00:00.000
------------------------------------------------------------
Start time: 2071-03-31 12:23:24.000
Type: partial
Max time: 2071-03-31 15:10:12.000
End time 2071-03-31 17:57:00.000
------------------------------------------------------------
Start time: 2071-09-23 15:00:00.000
Type: total
Max time: 2071-09-23 17:30:00.000
End time 2071-09-23 20:00:00.000
------------------------------------------------------------
Start time: 2071-09-23 14:48:00.000
Type: partial
Max time: 2071-09-23 17:29:24.000
End time 2071-09-23 20:10:48.000
------------------------------------------------------------
Start time: 2072-03-19 18:14:24.000
Type: partial
Max time: 2072-03-19 20:21:00.000
End time 2072-03-19 22:27:36.000
------------------------------------------------------------
Start time: 2072-09-12 08:00:00.000
Type: total
Max time: 2072-09-12 09:00:00.000
End time 2072-09-12 10:00:00.000
------------------------------------------------------------
Start time: 2072-09-12 07:05:24.000
Type: partial
Max time: 2072-09-12 09:08:06.000
End time 2072-09-12 11:10:48.000
------------------------------------------------------------
Start time: 2073-02-07 00:04:12.000
Type: partial
Max time: 2073-02-07 02:06:36.000
End time 2073-02-07 04:09:00.000
------------------------------------------------------------
Start time: 2073-08-03 16:00:00.000
Type: total
Max time: 2073-08-03 17:30:00.000
End time 2073-08-03 19:00:00.000
------------------------------------------------------------
Start time: 2073-08-03 15:10:12.000
Type: partial
Max time: 2073-08-03 17:24:54.000
End time 2073-08-03 19:39:36.000
------------------------------------------------------------
Start time: 2074-01-27 05:00:00.000
Type: annular
Max time: 2074-01-27 07:00:00.000
End time 2074-01-27 09:00:00.000
------------------------------------------------------------
Start time: 2074-01-27 04:09:00.000
Type: partial
Max time: 2074-01-27 06:54:18.000
End time 2074-01-27 09:39:36.000
------------------------------------------------------------
Start time: 2074-07-24 01:00:00.000
Type: annular
Max time: 2074-07-24 03:30:00.000
End time 2074-07-24 06:00:00.000
------------------------------------------------------------
Start time: 2074-07-24 00:25:12.000
Type: partial
Max time: 2074-07-24 03:21:00.000
End time 2074-07-24 06:16:48.000
============================================================
Times of moon eclipses:
------------------------------------------------------------
Start time: 2025-03-14 06:00:00.000
Type: total
Max time: 2025-03-14 07:00:00.000
End time 2025-03-14 08:00:00.000
------------------------------------------------------------
Start time: 2025-03-14 05:12:00.000
Type: partial
Max time: 2025-03-14 06:59:42.000
End time 2025-03-14 08:47:24.000
------------------------------------------------------------
Start time: 2025-09-07 17:00:00.000
Type: total
Max time: 2025-09-07 18:00:00.000
End time 2025-09-07 19:00:00.000
------------------------------------------------------------
Start time: 2025-09-07 16:29:24.000
Type: partial
Max time: 2025-09-07 18:12:36.000
End time 2025-09-07 19:55:48.000
------------------------------------------------------------
Start time: 2026-03-03 11:00:00.000
Type: total
Max time: 2026-03-03 12:00:00.000
End time 2026-03-03 13:00:00.000
------------------------------------------------------------
Start time: 2026-03-03 09:52:12.000
Type: partial
Max time: 2026-03-03 11:34:30.000
End time 2026-03-03 13:16:48.000
------------------------------------------------------------
Start time: 2026-08-28 02:36:36.000
Type: partial
Max time: 2026-08-28 04:14:06.000
End time 2026-08-28 05:51:36.000
------------------------------------------------------------
Start time: 2028-01-12 03:51:36.000
Type: partial
Max time: 2028-01-12 04:14:06.000
End time 2028-01-12 04:36:36.000
------------------------------------------------------------
Start time: 2028-07-06 17:12:36.000
Type: partial
Max time: 2028-07-06 18:21:00.000
End time 2028-07-06 19:29:24.000
------------------------------------------------------------
Start time: 2028-12-31 16:00:00.000
Type: total
Max time: 2028-12-31 17:00:00.000
End time 2028-12-31 18:00:00.000
------------------------------------------------------------
Start time: 2028-12-31 15:10:48.000
Type: partial
Max time: 2028-12-31 16:53:24.000
End time 2028-12-31 18:36:00.000
------------------------------------------------------------
Start time: 2029-06-26 02:00:00.000
Type: total
Max time: 2029-06-26 03:30:00.000
End time 2029-06-26 05:00:00.000
------------------------------------------------------------
Start time: 2029-06-26 01:35:24.000
Type: partial
Max time: 2029-06-26 03:23:42.000
End time 2029-06-26 05:12:00.000
------------------------------------------------------------
Start time: 2029-12-20 22:00:00.000
Type: total
Max time: 2029-12-20 23:00:00.000
End time 2029-12-21 00:00:00.000
------------------------------------------------------------
Start time: 2029-12-20 20:58:12.000
Type: partial
Max time: 2029-12-20 22:43:30.000
End time 2029-12-21 00:28:48.000
------------------------------------------------------------
Start time: 2030-06-15 17:24:00.000
Type: partial
Max time: 2030-06-15 18:34:48.000
End time 2030-06-15 19:45:36.000
------------------------------------------------------------
Start time: 2032-04-25 14:00:00.000
Type: total
Max time: 2032-04-25 15:00:00.000
End time 2032-04-25 16:00:00.000
------------------------------------------------------------
Start time: 2032-04-25 13:31:48.000
Type: partial
Max time: 2032-04-25 15:15:54.000
End time 2032-04-25 17:00:00.000
------------------------------------------------------------
Start time: 2032-10-18 18:00:00.000
Type: total
Max time: 2032-10-18 19:00:00.000
End time 2032-10-18 20:00:00.000
------------------------------------------------------------
Start time: 2032-10-18 17:28:12.000
Type: partial
Max time: 2032-10-18 19:04:48.000
End time 2032-10-18 20:41:24.000
------------------------------------------------------------
Start time: 2033-04-14 18:00:00.000
Type: total
Max time: 2033-04-14 19:00:00.000
End time 2033-04-14 20:00:00.000
------------------------------------------------------------
Start time: 2033-04-14 17:29:24.000
Type: partial
Max time: 2033-04-14 19:15:18.000
End time 2033-04-14 21:01:12.000
------------------------------------------------------------
Start time: 2033-10-08 10:00:00.000
Type: total
Max time: 2033-10-08 11:00:00.000
End time 2033-10-08 12:00:00.000
------------------------------------------------------------
Start time: 2033-10-08 09:18:00.000
Type: partial
Max time: 2033-10-08 10:57:54.000
End time 2033-10-08 12:37:48.000
------------------------------------------------------------
Start time: 2035-08-19 00:39:36.000
Type: partial
Max time: 2035-08-19 01:14:24.000
End time 2035-08-19 01:49:12.000
------------------------------------------------------------
Start time: 2036-02-11 21:00:00.000
Type: total
Max time: 2036-02-11 22:00:00.000
End time 2036-02-11 23:00:00.000
------------------------------------------------------------
Start time: 2036-02-11 20:35:24.000
Type: partial
Max time: 2036-02-11 22:15:00.000
End time 2036-02-11 23:54:36.000
------------------------------------------------------------
Start time: 2036-08-07 02:00:00.000
Type: total
Max time: 2036-08-07 03:00:00.000
End time 2036-08-07 04:00:00.000
------------------------------------------------------------
Start time: 2036-08-07 01:00:36.000
Type: partial
Max time: 2036-08-07 02:54:54.000
End time 2036-08-07 04:49:12.000
------------------------------------------------------------
Start time: 2037-01-31 13:00:00.000
Type: total
Max time: 2037-01-31 14:00:00.000
End time 2037-01-31 15:00:00.000
------------------------------------------------------------
Start time: 2037-01-31 12:26:24.000
Type: partial
Max time: 2037-01-31 14:03:36.000
End time 2037-01-31 15:40:48.000
------------------------------------------------------------
Start time: 2037-07-27 02:37:48.000
Type: partial
Max time: 2037-07-27 04:12:18.000
End time 2037-07-27 05:46:48.000
------------------------------------------------------------
Start time: 2039-06-06 17:28:48.000
Type: partial
Max time: 2039-06-06 18:57:00.000
End time 2039-06-06 20:25:12.000
------------------------------------------------------------
Start time: 2039-11-30 15:18:00.000
Type: partial
Max time: 2039-11-30 16:59:24.000
End time 2039-11-30 18:40:48.000
------------------------------------------------------------
Start time: 2040-05-26 11:00:00.000
Type: total
Max time: 2040-05-26 12:00:00.000
End time 2040-05-26 13:00:00.000
------------------------------------------------------------
Start time: 2040-05-26 10:05:24.000
Type: partial
Max time: 2040-05-26 11:49:12.000
End time 2040-05-26 13:33:00.000
------------------------------------------------------------
Start time: 2040-11-18 18:00:00.000
Type: total
Max time: 2040-11-18 19:00:00.000
End time 2040-11-18 20:00:00.000
------------------------------------------------------------
Start time: 2040-11-18 17:19:12.000
Type: partial
Max time: 2040-11-18 19:07:48.000
End time 2040-11-18 20:56:24.000
------------------------------------------------------------
Start time: 2041-05-16 00:21:36.000
Type: partial
Max time: 2041-05-16 00:46:12.000
End time 2041-05-16 01:10:48.000
------------------------------------------------------------
Start time: 2041-11-08 03:55:48.000
Type: partial
Max time: 2041-11-08 04:38:06.000
End time 2041-11-08 05:20:24.000
------------------------------------------------------------
Start time: 2043-03-25 12:50:24.000
Type: partial
Max time: 2043-03-25 14:36:00.000
End time 2043-03-25 16:21:36.000
------------------------------------------------------------
Start time: 2043-09-19 01:00:00.000
Type: total
Max time: 2043-09-19 02:00:00.000
End time 2043-09-19 03:00:00.000
------------------------------------------------------------
Start time: 2043-09-19 00:13:48.000
Type: partial
Max time: 2043-09-19 01:55:12.000
End time 2043-09-19 03:36:36.000
------------------------------------------------------------
Start time: 2044-03-13 19:00:00.000
Type: total
Max time: 2044-03-13 20:00:00.000
End time 2044-03-13 21:00:00.000
------------------------------------------------------------
Start time: 2044-03-13 17:58:48.000
Type: partial
Max time: 2044-03-13 19:42:00.000
End time 2044-03-13 21:25:12.000
------------------------------------------------------------
Start time: 2044-09-07 09:43:12.000
Type: partial
Max time: 2044-09-07 11:24:54.000
End time 2044-09-07 13:06:36.000
------------------------------------------------------------
Start time: 2046-01-22 12:48:36.000
Type: partial
Max time: 2046-01-22 13:06:18.000
End time 2046-01-22 13:24:00.000
------------------------------------------------------------
Start time: 2046-07-18 00:16:48.000
Type: partial
Max time: 2046-07-18 01:10:30.000
End time 2046-07-18 02:04:12.000
------------------------------------------------------------
Start time: 2047-01-12 00:00:00.000
Type: total
Max time: 2047-01-12 01:30:00.000
End time 2047-01-12 03:00:00.000
------------------------------------------------------------
Start time: 2047-01-11 23:47:24.000
Type: partial
Max time: 2047-01-12 01:30:18.000
End time 2047-01-12 03:13:12.000
------------------------------------------------------------
Start time: 2047-07-07 09:00:00.000
Type: total
Max time: 2047-07-07 10:30:00.000
End time 2047-07-07 12:00:00.000
------------------------------------------------------------
Start time: 2047-07-07 08:52:12.000
Type: partial
Max time: 2047-07-07 10:39:54.000
End time 2047-07-07 12:27:36.000
------------------------------------------------------------
Start time: 2048-01-01 06:00:00.000
Type: total
Max time: 2048-01-01 07:00:00.000
End time 2048-01-01 08:00:00.000
------------------------------------------------------------
Start time: 2048-01-01 05:12:36.000
Type: partial
Max time: 2048-01-01 06:58:30.000
End time 2048-01-01 08:44:24.000
------------------------------------------------------------
Start time: 2048-06-26 00:48:00.000
Type: partial
Max time: 2048-06-26 02:06:18.000
End time 2048-06-26 03:24:36.000
------------------------------------------------------------
Start time: 2050-05-06 20:55:48.000
Type: partial
Max time: 2050-05-06 22:36:54.000
End time 2050-05-07 00:18:00.000
------------------------------------------------------------
Start time: 2050-10-30 01:51:36.000
Type: partial
Max time: 2050-10-30 03:26:24.000
End time 2050-10-30 05:01:12.000
------------------------------------------------------------
Start time: 2051-04-26 01:00:00.000
Type: total
Max time: 2051-04-26 02:00:00.000
End time 2051-04-26 03:00:00.000
------------------------------------------------------------
Start time: 2051-04-26 00:33:00.000
Type: partial
Max time: 2051-04-26 02:21:54.000
End time 2051-04-26 04:10:48.000
------------------------------------------------------------
Start time: 2051-10-19 18:00:00.000
Type: total
Max time: 2051-10-19 19:00:00.000
End time 2051-10-19 20:00:00.000
------------------------------------------------------------
Start time: 2051-10-19 17:35:24.000
Type: partial
Max time: 2051-10-19 19:16:30.000
End time 2051-10-19 20:57:36.000
------------------------------------------------------------
Start time: 2052-10-08 10:22:12.000
Type: partial
Max time: 2052-10-08 10:51:18.000
End time 2052-10-08 11:20:24.000
------------------------------------------------------------
Start time: 2054-02-22 06:00:00.000
Type: total
Max time: 2054-02-22 07:00:00.000
End time 2054-02-22 08:00:00.000
------------------------------------------------------------
Start time: 2054-02-22 05:18:00.000
Type: partial
Max time: 2054-02-22 06:57:00.000
End time 2054-02-22 08:36:00.000
------------------------------------------------------------
Start time: 2054-08-18 08:00:00.000
Type: total
Max time: 2054-08-18 09:30:00.000
End time 2054-08-18 11:00:00.000
------------------------------------------------------------
Start time: 2054-08-18 07:41:24.000
Type: partial
Max time: 2054-08-18 09:33:00.000
End time 2054-08-18 11:24:36.000
------------------------------------------------------------
Start time: 2055-02-11 22:00:00.000
Type: total
Max time: 2055-02-11 23:00:00.000
End time 2055-02-12 00:00:00.000
------------------------------------------------------------
Start time: 2055-02-11 21:13:48.000
Type: partial
Max time: 2055-02-11 22:51:54.000
End time 2055-02-12 00:30:00.000
------------------------------------------------------------
Start time: 2055-08-07 09:19:12.000
Type: partial
Max time: 2055-08-07 10:59:42.000
End time 2055-08-07 12:40:12.000
------------------------------------------------------------
Start time: 2057-06-17 01:09:36.000
Type: partial
Max time: 2057-06-17 02:32:24.000
End time 2057-06-17 03:55:12.000
------------------------------------------------------------
Start time: 2057-12-10 23:20:24.000
Type: partial
Max time: 2057-12-11 01:00:54.000
End time 2057-12-11 02:41:24.000
------------------------------------------------------------
Start time: 2058-06-06 18:00:00.000
Type: total
Max time: 2058-06-06 19:30:00.000
End time 2058-06-06 21:00:00.000
------------------------------------------------------------
Start time: 2058-06-06 17:37:12.000
Type: partial
Max time: 2058-06-06 19:22:30.000
End time 2058-06-06 21:07:48.000
------------------------------------------------------------
Start time: 2058-11-30 02:00:00.000
Type: total
Max time: 2058-11-30 03:30:00.000
End time 2058-11-30 05:00:00.000
------------------------------------------------------------
Start time: 2058-11-30 01:34:12.000
Type: partial
Max time: 2058-11-30 03:23:24.000
End time 2058-11-30 05:12:36.000
------------------------------------------------------------
Start time: 2059-05-27 07:16:12.000
Type: partial
Max time: 2059-05-27 08:02:42.000
End time 2059-05-27 08:49:12.000
------------------------------------------------------------
Start time: 2059-11-19 12:21:00.000
Type: partial
Max time: 2059-11-19 13:08:24.000
End time 2059-11-19 13:55:48.000
------------------------------------------------------------
Start time: 2061-04-04 21:00:00.000
Type: total
Max time: 2061-04-04 22:00:00.000
End time 2061-04-04 23:00:00.000
------------------------------------------------------------
Start time: 2061-04-04 20:19:12.000
Type: partial
Max time: 2061-04-04 22:02:06.000
End time 2061-04-04 23:45:00.000
------------------------------------------------------------
Start time: 2061-09-29 09:00:00.000
Type: total
Max time: 2061-09-29 10:00:00.000
End time 2061-09-29 11:00:00.000
------------------------------------------------------------
Start time: 2061-09-29 08:06:00.000
Type: partial
Max time: 2061-09-29 09:45:36.000
End time 2061-09-29 11:25:12.000
------------------------------------------------------------
Start time: 2062-03-25 03:00:00.000
Type: total
Max time: 2062-03-25 04:00:00.000
End time 2062-03-25 05:00:00.000
------------------------------------------------------------
Start time: 2062-03-25 01:57:00.000
Type: partial
Max time: 2062-03-25 03:41:24.000
End time 2062-03-25 05:25:48.000
------------------------------------------------------------
Start time: 2062-09-18 18:00:00.000
Type: total
Max time: 2062-09-18 19:00:00.000
End time 2062-09-18 20:00:00.000
------------------------------------------------------------
Start time: 2062-09-18 16:57:00.000
Type: partial
Max time: 2062-09-18 18:42:00.000
End time 2062-09-18 20:27:00.000
------------------------------------------------------------
Start time: 2063-03-14 15:55:48.000
Type: partial
Max time: 2063-03-14 16:12:54.000
End time 2063-03-14 16:30:00.000
------------------------------------------------------------
Start time: 2064-02-02 21:46:48.000
Type: partial
Max time: 2064-02-02 21:56:24.000
End time 2064-02-02 22:06:00.000
------------------------------------------------------------
Start time: 2064-07-28 07:29:24.000
Type: partial
Max time: 2064-07-28 08:00:54.000
End time 2064-07-28 08:32:24.000
------------------------------------------------------------
Start time: 2065-01-22 09:00:00.000
Type: total
Max time: 2065-01-22 10:00:00.000
End time 2065-01-22 11:00:00.000
------------------------------------------------------------
Start time: 2065-01-22 08:24:00.000
Type: partial
Max time: 2065-01-22 10:06:54.000
End time 2065-01-22 11:49:48.000
------------------------------------------------------------
Start time: 2065-07-17 17:00:00.000
Type: total
Max time: 2065-07-17 18:00:00.000
End time 2065-07-17 19:00:00.000
------------------------------------------------------------
Start time: 2065-07-17 16:09:36.000
Type: partial
Max time: 2065-07-17 17:56:24.000
End time 2065-07-17 19:43:12.000
------------------------------------------------------------
Start time: 2066-01-11 14:00:00.000
Type: total
Max time: 2066-01-11 15:00:00.000
End time 2066-01-11 16:00:00.000
------------------------------------------------------------
Start time: 2066-01-11 13:27:00.000
Type: partial
Max time: 2066-01-11 15:13:30.000
End time 2066-01-11 17:00:00.000
------------------------------------------------------------
Start time: 2066-07-07 08:13:12.000
Type: partial
Max time: 2066-07-07 09:37:48.000
End time 2066-07-07 11:02:24.000
------------------------------------------------------------
Start time: 2068-05-17 04:13:48.000
Type: partial
Max time: 2068-05-17 05:51:00.000
End time 2068-05-17 07:28:12.000
------------------------------------------------------------
Start time: 2068-11-09 10:21:36.000
Type: partial
Max time: 2068-11-09 11:54:54.000
End time 2068-11-09 13:28:12.000
------------------------------------------------------------
Start time: 2069-05-06 08:00:00.000
Type: total
Max time: 2069-05-06 09:30:00.000
End time 2069-05-06 11:00:00.000
------------------------------------------------------------
Start time: 2069-05-06 07:27:36.000
Type: partial
Max time: 2069-05-06 09:19:30.000
End time 2069-05-06 11:11:24.000
------------------------------------------------------------
Start time: 2069-10-30 03:00:00.000
Type: total
Max time: 2069-10-30 04:00:00.000
End time 2069-10-30 05:00:00.000
------------------------------------------------------------
Start time: 2069-10-30 02:01:48.000
Type: partial
Max time: 2069-10-30 03:43:12.000
End time 2069-10-30 05:24:36.000
------------------------------------------------------------
Start time: 2070-10-19 18:20:24.000
Type: partial
Max time: 2070-10-19 19:00:00.000
End time 2070-10-19 19:39:36.000
------------------------------------------------------------
Start time: 2072-03-04 14:00:00.000
Type: total
Max time: 2072-03-04 15:30:00.000
End time 2072-03-04 17:00:00.000
------------------------------------------------------------
Start time: 2072-03-04 13:54:00.000
Type: partial
Max time: 2072-03-04 15:32:06.000
End time 2072-03-04 17:10:12.000
------------------------------------------------------------
Start time: 2072-08-28 15:00:00.000
Type: total
Max time: 2072-08-28 16:00:00.000
End time 2072-08-28 17:00:00.000
------------------------------------------------------------
Start time: 2072-08-28 14:27:36.000
Type: partial
Max time: 2072-08-28 16:15:54.000
End time 2072-08-28 18:04:12.000
------------------------------------------------------------
Start time: 2073-02-22 07:00:00.000
Type: total
Max time: 2073-02-22 08:00:00.000
End time 2073-02-22 09:00:00.000
------------------------------------------------------------
Start time: 2073-02-22 05:55:12.000
Type: partial
Max time: 2073-02-22 07:33:54.000
End time 2073-02-22 09:12:36.000
------------------------------------------------------------
Start time: 2073-08-17 17:00:00.000
Type: total
Max time: 2073-08-17 18:00:00.000
End time 2073-08-17 19:00:00.000
------------------------------------------------------------
Start time: 2073-08-17 16:08:24.000
Type: partial
Max time: 2073-08-17 17:53:06.000
End time 2073-08-17 19:37:48.000
